<?xml version='1.0' encoding='UTF-8'?>
<testsuite hostname="Dran" name="obfuscate.ObfuscateTest" tests="1" errors="0" failures="0" skipped="0" time="2.02" timestamp="2020-08-12T14:58:33">
                     <properties>
      <property name="jline.esc.timeout" value="0"/><property name="jna.platform.library.path" value="/usr/lib/x86_64-linux-gnu:/lib/x86_64-linux-gnu:/lib64:/usr/lib:/lib:/lib/i386-linux-gnu:/usr/lib/i386-linux-gnu:/usr/lib/x86_64-linux-gnu/libfakeroot"/><property name="java.runtime.name" value="OpenJDK Runtime Environment"/><property name="sun.boot.library.path" value="/home/dran/.sdkman/candidates/java/8.0.222.hs-adpt/jre/lib/amd64"/><property name="java.vm.version" value="25.222-b10"/><property name="java.vm.vendor" value="AdoptOpenJDK"/><property name="java.vendor.url" value="http://java.oracle.com/"/><property name="path.separator" value=":"/><property name="jna.loaded" value="true"/><property name="java.vm.name" value="OpenJDK 64-Bit Server VM"/><property name="file.encoding.pkg" value="sun.io"/><property name="user.country" value="AR"/><property name="sun.java.launcher" value="SUN_STANDARD"/><property name="sun.os.patch.level" value="unknown"/><property name="jna.nosys" value="true"/><property name="java.vm.specification.name" value="Java Virtual Machine Specification"/><property name="user.dir" value="/home/dran/Escritorio/Martin/RECOMMENDER MASTER 2K/DEMOs/data-obf-transformer"/><property name="java.runtime.version" value="1.8.0_222-b10"/><property name="java.awt.graphicsenv" value="sun.awt.X11GraphicsEnvironment"/><property name="java.endorsed.dirs" value="/home/dran/.sdkman/candidates/java/8.0.222.hs-adpt/jre/lib/endorsed"/><property name="os.arch" value="amd64"/><property name="java.io.tmpdir" value="/tmp"/><property name="line.separator" value="
"/><property name="java.vm.specification.vendor" value="Oracle Corporation"/><property name="log4j.ignoreTCL" value="true"/><property name="os.name" value="Linux"/><property name="sun.jnu.encoding" value="UTF-8"/><property name="jnidispatch.path" value="/home/dran/.cache/JNA/temp/jna5664721935792973839.tmp"/><property name="java.library.path" value="/usr/java/packages/lib/amd64:/usr/lib64:/lib64:/lib:/usr/lib"/><property name="java.specification.name" value="Java Platform API Specification"/><property name="java.class.version" value="52.0"/><property name="sun.management.compiler" value="HotSpot 64-Bit Tiered Compilers"/><property name="os.version" value="5.4.0-42-generic"/><property name="swoval.tmpdir" value="/home/dran/.sbt/1.0"/><property name="user.home" value="/home/dran"/><property name="user.timezone" value="America/Argentina/Buenos_Aires"/><property name="java.awt.printerjob" value="sun.print.PSPrinterJob"/><property name="file.encoding" value="UTF-8"/><property name="java.specification.version" value="1.8"/><property name="java.class.path" value="/usr/share/sbt/bin/sbt-launch.jar"/><property name="user.name" value="dran"/><property name="jline.shutdownhook" value="false"/><property name="java.vm.specification.version" value="1.8"/><property name="sun.java.command" value="/usr/share/sbt/bin/sbt-launch.jar assembly"/><property name="java.home" value="/home/dran/.sdkman/candidates/java/8.0.222.hs-adpt/jre"/><property name="sun.arch.data.model" value="64"/><property name="user.language" value="es"/><property name="java.specification.vendor" value="Oracle Corporation"/><property name="awt.toolkit" value="sun.awt.X11.XToolkit"/><property name="java.vm.info" value="mixed mode"/><property name="java.version" value="1.8.0_222"/><property name="java.ext.dirs" value="/home/dran/.sdkman/candidates/java/8.0.222.hs-adpt/jre/lib/ext:/usr/java/packages/lib/ext"/><property name="sun.boot.class.path" value="/home/dran/.sdkman/candidates/java/8.0.222.hs-adpt/jre/lib/resources.jar:/home/dran/.sdkman/candidates/java/8.0.222.hs-adpt/jre/lib/rt.jar:/home/dran/.sdkman/candidates/java/8.0.222.hs-adpt/jre/lib/sunrsasign.jar:/home/dran/.sdkman/candidates/java/8.0.222.hs-adpt/jre/lib/jsse.jar:/home/dran/.sdkman/candidates/java/8.0.222.hs-adpt/jre/lib/jce.jar:/home/dran/.sdkman/candidates/java/8.0.222.hs-adpt/jre/lib/charsets.jar:/home/dran/.sdkman/candidates/java/8.0.222.hs-adpt/jre/lib/jfr.jar:/home/dran/.sdkman/candidates/java/8.0.222.hs-adpt/jre/classes"/><property name="java.vendor" value="AdoptOpenJDK"/><property name="file.separator" value="/"/><property name="java.vendor.url.bug" value="http://bugreport.sun.com/bugreport/"/><property name="sun.io.unicode.encoding" value="UnicodeLittle"/><property name="sun.cpu.endian" value="little"/><property name="sun.desktop" value="gnome"/><property name="sun.cpu.isalist" value=""/>
    </properties>
                     <testcase classname="obfuscate.ObfuscateTest" name="json and invalidJson should be posted in kafkaProducerObfuscatedTopic and kafkaProducerErrorsTopic" time="2.02">
                                                 
                                               </testcase>
                     <system-out><![CDATA[]]></system-out>
                     <system-err><![CDATA[]]></system-err>
                   </testsuite>